<?xml version="1.0" encoding="UTF-8"?>
<datasources xmlns="http://www.jboss.org/ironjacamar/schema"
	xmlns:xsi="http://www.w3.org/2001/XMLSchema-instance"
	xsi:schemaLocation="http://www.jboss.org/ironjacamar/schema http://docs.jboss.org/ironjacamar/schema/datasources_1_0.xsd">
	<datasource jndi-name="java:jboss/datasources/TransporteTestDS"
		pool-name="TransporteTestPOOL" enabled="true" use-java-context="true" jta="true"
		use-ccm="true">

		<connection-url>jdbc:postgresql://127.0.0.1:5432/transporte</connection-url>
		<driver>postgresql</driver>

		<pool>
			<min-pool-size>2</min-pool-size>
			<max-pool-size>20</max-pool-size>
			<prefill>true</prefill>
		</pool>

		<security>
			<user-name>postgres</user-name>
			<password>041286</password>
		</security>
	</datasource>
</datasources>

 